<?xml version="1.0" encoding="UTF-8"?>
<testsuite xmlns:xsi="http://www.w3.org/2001/XMLSchema-instance" xsi:noNamespaceSchemaLocation="https://maven.apache.org/surefire/maven-surefire-plugin/xsd/surefire-test-report.xsd" name="com.rizat.cinema.AppTest" time="0.035" tests="1" errors="0" skipped="0" failures="0">
  <properties>
    <property name="java.specification.version" value="25"/>
    <property name="sun.cpu.isalist" value="amd64"/>
    <property name="sun.jnu.encoding" value="Cp1251"/>
    <property name="java.class.path" value="C:\Users\kabdy\IdeaProjects\cinema-booking\target\test-classes;C:\Users\kabdy\IdeaProjects\cinema-booking\target\classes;C:\Users\kabdy\.m2\repository\junit\junit\4.11\junit-4.11.jar;C:\Users\kabdy\.m2\repository\org\hamcrest\hamcrest-core\1.3\hamcrest-core-1.3.jar;"/>
    <property name="java.vm.vendor" value="Oracle Corporation"/>
    <property name="sun.arch.data.model" value="64"/>
    <property name="user.variant" value=""/>
    <property name="java.vendor.url" value="https://java.oracle.com/"/>
    <property name="user.timezone" value="Asia/Qyzylorda"/>
    <property name="os.name" value="Windows 11"/>
    <property name="java.vm.specification.version" value="25"/>
    <property name="sun.java.launcher" value="SUN_STANDARD"/>
    <property name="user.country" value="RU"/>
    <property name="sun.boot.library.path" value="D:\jdk-25\bin"/>
    <property name="sun.java.command" value="C:\Users\kabdy\AppData\Local\Temp\surefire15056476717660034778\surefirebooter5052686289879513299.jar C:\Users\kabdy\AppData\Local\Temp\surefire15056476717660034778 2025-10-19T15-53-59_890-jvmRun1 surefire17402695815291714031tmp surefire_015582764805378451796tmp"/>
    <property name="jdk.debug" value="release"/>
    <property name="surefire.test.class.path" value="C:\Users\kabdy\IdeaProjects\cinema-booking\target\test-classes;C:\Users\kabdy\IdeaProjects\cinema-booking\target\classes;C:\Users\kabdy\.m2\repository\junit\junit\4.11\junit-4.11.jar;C:\Users\kabdy\.m2\repository\org\hamcrest\hamcrest-core\1.3\hamcrest-core-1.3.jar;"/>
    <property name="sun.cpu.endian" value="little"/>
    <property name="user.home" value="C:\Users\kabdy"/>
    <property name="user.language" value="ru"/>
    <property name="java.specification.vendor" value="Oracle Corporation"/>
    <property name="java.version.date" value="2025-09-16"/>
    <property name="java.home" value="D:\jdk-25"/>
    <property name="file.separator" value="\"/>
    <property name="basedir" value="C:\Users\kabdy\IdeaProjects\cinema-booking"/>
    <property name="java.vm.compressedOopsMode" value="Zero based"/>
    <property name="line.separator" value="&#10;"/>
    <property name="java.vm.specification.vendor" value="Oracle Corporation"/>
    <property name="java.specification.name" value="Java Platform API Specification"/>
    <property name="surefire.real.class.path" value="C:\Users\kabdy\AppData\Local\Temp\surefire15056476717660034778\surefirebooter5052686289879513299.jar"/>
    <property name="user.script" value=""/>
    <property name="sun.management.compiler" value="HotSpot 64-Bit Tiered Compilers"/>
    <property name="java.runtime.version" value="25+37-LTS-3491"/>
    <property name="user.name" value="kabdy"/>
    <property name="stdout.encoding" value="Cp1251"/>
    <property name="path.separator" value=";"/>
    <property name="os.version" value="10.0"/>
    <property name="java.runtime.name" value="Java(TM) SE Runtime Environment"/>
    <property name="file.encoding" value="UTF-8"/>
    <property name="java.vm.name" value="Java HotSpot(TM) 64-Bit Server VM"/>
    <property name="localRepository" value="C:\Users\kabdy\.m2\repository"/>
    <property name="java.vendor.url.bug" value="https://bugreport.java.com/bugreport/"/>
    <property name="java.io.tmpdir" value="C:\Users\kabdy\AppData\Local\Temp\"/>
    <property name="java.version" value="25"/>
    <property name="user.dir" value="C:\Users\kabdy\IdeaProjects\cinema-booking"/>
    <property name="os.arch" value="amd64"/>
    <property name="java.vm.specification.name" value="Java Virtual Machine Specification"/>
    <property name="sun.os.patch.level" value=""/>
    <property name="native.encoding" value="Cp1251"/>
    <property name="java.library.path" value="D:\jdk-25\bin;C:\WINDOWS\Sun\Java\bin;C:\WINDOWS\system32;C:\WINDOWS;C:\Windows\System32\HWAudioDriverLibs;C:\Windows\system32;C:\Windows;C:\Windows\System32\Wbem;C:\Windows\System32\WindowsPowerShell\v1.0\;C:\Windows\System32\OpenSSH\;C:\Users\Administrator\AppData\Local\Microsoft\WindowsApps;C:\WINDOWS\system32;C:\WINDOWS;C:\WINDOWS\System32\Wbem;C:\WINDOWS\System32\WindowsPowerShell\v1.0\;C:\WINDOWS\System32\OpenSSH\;C:\Program Files\nodejs\;C:\Program Files\Git\cmd;C:\Program Files\Docker\Docker\resources\bin;C:\Program Files\PostgreSQL\17\bin;C:\Program Files\PostgreSQL\17\bin;D:\jdk-25\bin;D:\maven-mvnd-1.0.3-windows-amd64\bin;C:\Users\kabdy\AppData\Local\Programs\Eclipse Adoptium\jdk-25.0.0.36-hotspot\bin;d:\cursor\resources\app\codeBin;C:\Users\kabdy\AppData\Local\Programs\Python\Python310\Scripts\;C:\Users\kabdy\AppData\Local\Programs\Python\Python310\;C:\Users\kabdy\AppData\Local\Programs\Python\Launcher\;C:\Users\kabdy\AppData\Local\Microsoft\WindowsApps;D:\Microsoft VS Code\bin;C:\Users\kabdy\AppData\Roaming\npm;C:\Program Files\JetBrains\WebStorm 2024.3.3\bin;D:\c;D:\cursor\resources\app\bin;D:\maven-mvnd-1.0.3-windows-amd64\mvn\bin;C:\Users\kabdy\AppData\Local\Programs\Eclipse Adoptium\jdk-25.0.0.36-hotspot\bin;d:\cursor\resources\app\codeBin;C:\Users\kabdy\AppData\Local\Programs\Python\Python310\Scripts\;C:\Users\kabdy\AppData\Local\Programs\Python\Python310\;C:\Users\kabdy\AppData\Local\Programs\Python\Launcher\;C:\Users\kabdy\AppData\Local\Microsoft\WindowsApps;D:\Microsoft VS Code\bin;C:\Users\kabdy\AppData\Roaming\npm;C:\Program Files\JetBrains\WebStorm 2024.3.3\bin;;D:\cursor\resources\app\bin;."/>
    <property name="java.vm.info" value="mixed mode, sharing"/>
    <property name="stderr.encoding" value="Cp1251"/>
    <property name="java.vendor" value="Oracle Corporation"/>
    <property name="java.vm.version" value="25+37-LTS-3491"/>
    <property name="stdin.encoding" value="Cp1251"/>
    <property name="sun.io.unicode.encoding" value="UnicodeLittle"/>
    <property name="java.class.version" value="69.0"/>
  </properties>
  <testcase name="shouldAnswerWithTrue" classname="com.rizat.cinema.AppTest" time="0.003"/>
</testsuite>